<?xml version="1.0" encoding="UTF-8"?>
<testsuite xmlns:xsi="http://www.w3.org/2001/XMLSchema-instance" xsi:noNamespaceSchemaLocation="https://maven.apache.org/surefire/maven-surefire-plugin/xsd/surefire-test-report.xsd" name="org.springframework.samples.petclinic.api.application.VisitsServiceClientIntegrationTest" time="1.358" tests="1" errors="0" skipped="0" failures="0">
  <properties>
    <property name="sun.desktop" value="gnome"/>
    <property name="awt.toolkit" value="sun.awt.X11.XToolkit"/>
    <property name="git.tags" value=""/>
    <property name="java.specification.version" value="11"/>
    <property name="sun.cpu.isalist" value=""/>
    <property name="sun.jnu.encoding" value="UTF-8"/>
    <property name="git.build.version" value="2.4.2"/>
    <property name="java.class.path" value="/home/kevin/Dev/explorviz/backend/playground/spring-petclinic-microservices/spring-petclinic-api-gateway/target/test-classes:/home/kevin/Dev/explorviz/backend/playground/spring-petclinic-microservices/spring-petclinic-api-gateway/target/classes:/home/kevin/.m2/repository/org/springframework/boot/spring-boot-devtools/2.4.2/spring-boot-devtools-2.4.2.jar:/home/kevin/.m2/repository/org/springframework/boot/spring-boot/2.4.2/spring-boot-2.4.2.jar:/home/kevin/.m2/repository/org/springframework/spring-context/5.3.3/spring-context-5.3.3.jar:/home/kevin/.m2/repository/org/springframework/spring-expression/5.3.3/spring-expression-5.3.3.jar:/home/kevin/.m2/repository/org/springframework/boot/spring-boot-autoconfigure/2.4.2/spring-boot-autoconfigure-2.4.2.jar:/home/kevin/.m2/repository/org/springframework/boot/spring-boot-configuration-processor/2.4.2/spring-boot-configuration-processor-2.4.2.jar:/home/kevin/.m2/repository/org/springframework/boot/spring-boot-starter-actuator/2.4.2/spring-boot-starter-actuator-2.4.2.jar:/home/kevin/.m2/repository/org/springframework/boot/spring-boot-starter/2.4.2/spring-boot-starter-2.4.2.jar:/home/kevin/.m2/repository/org/springframework/boot/spring-boot-starter-logging/2.4.2/spring-boot-starter-logging-2.4.2.jar:/home/kevin/.m2/repository/ch/qos/logback/logback-classic/1.2.3/logback-classic-1.2.3.jar:/home/kevin/.m2/repository/ch/qos/logback/logback-core/1.2.3/logback-core-1.2.3.jar:/home/kevin/.m2/repository/org/apache/logging/log4j/log4j-to-slf4j/2.13.3/log4j-to-slf4j-2.13.3.jar:/home/kevin/.m2/repository/org/apache/logging/log4j/log4j-api/2.13.3/log4j-api-2.13.3.jar:/home/kevin/.m2/repository/org/slf4j/jul-to-slf4j/1.7.30/jul-to-slf4j-1.7.30.jar:/home/kevin/.m2/repository/jakarta/annotation/jakarta.annotation-api/1.3.5/jakarta.annotation-api-1.3.5.jar:/home/kevin/.m2/repository/org/yaml/snakeyaml/1.27/snakeyaml-1.27.jar:/home/kevin/.m2/repository/org/springframework/boot/spring-boot-actuator-autoconfigure/2.4.2/spring-boot-actuator-autoconfigure-2.4.2.jar:/home/kevin/.m2/repository/org/springframework/boot/spring-boot-actuator/2.4.2/spring-boot-actuator-2.4.2.jar:/home/kevin/.m2/repository/com/fasterxml/jackson/datatype/jackson-datatype-jsr310/2.11.4/jackson-datatype-jsr310-2.11.4.jar:/home/kevin/.m2/repository/io/micrometer/micrometer-core/1.6.3/micrometer-core-1.6.3.jar:/home/kevin/.m2/repository/org/hdrhistogram/HdrHistogram/2.1.12/HdrHistogram-2.1.12.jar:/home/kevin/.m2/repository/org/latencyutils/LatencyUtils/2.0.3/LatencyUtils-2.0.3.jar:/home/kevin/.m2/repository/org/springframework/boot/spring-boot-starter-test/2.4.2/spring-boot-starter-test-2.4.2.jar:/home/kevin/.m2/repository/org/springframework/boot/spring-boot-test/2.4.2/spring-boot-test-2.4.2.jar:/home/kevin/.m2/repository/org/springframework/boot/spring-boot-test-autoconfigure/2.4.2/spring-boot-test-autoconfigure-2.4.2.jar:/home/kevin/.m2/repository/com/jayway/jsonpath/json-path/2.4.0/json-path-2.4.0.jar:/home/kevin/.m2/repository/net/minidev/json-smart/2.3/json-smart-2.3.jar:/home/kevin/.m2/repository/net/minidev/accessors-smart/1.2/accessors-smart-1.2.jar:/home/kevin/.m2/repository/org/ow2/asm/asm/5.0.4/asm-5.0.4.jar:/home/kevin/.m2/repository/jakarta/xml/bind/jakarta.xml.bind-api/2.3.3/jakarta.xml.bind-api-2.3.3.jar:/home/kevin/.m2/repository/jakarta/activation/jakarta.activation-api/1.2.2/jakarta.activation-api-1.2.2.jar:/home/kevin/.m2/repository/org/assertj/assertj-core/3.11.1/assertj-core-3.11.1.jar:/home/kevin/.m2/repository/org/hamcrest/hamcrest/2.2/hamcrest-2.2.jar:/home/kevin/.m2/repository/org/junit/jupiter/junit-jupiter/5.7.0/junit-jupiter-5.7.0.jar:/home/kevin/.m2/repository/org/junit/jupiter/junit-jupiter-params/5.7.0/junit-jupiter-params-5.7.0.jar:/home/kevin/.m2/repository/org/mockito/mockito-core/3.6.28/mockito-core-3.6.28.jar:/home/kevin/.m2/repository/net/bytebuddy/byte-buddy/1.10.19/byte-buddy-1.10.19.jar:/home/kevin/.m2/repository/net/bytebuddy/byte-buddy-agent/1.10.19/byte-buddy-agent-1.10.19.jar:/home/kevin/.m2/repository/org/objenesis/objenesis/3.1/objenesis-3.1.jar:/home/kevin/.m2/repository/org/mockito/mockito-junit-jupiter/3.6.28/mockito-junit-jupiter-3.6.28.jar:/home/kevin/.m2/repository/org/skyscreamer/jsonassert/1.5.0/jsonassert-1.5.0.jar:/home/kevin/.m2/repository/com/vaadin/external/google/android-json/0.0.20131108.vaadin1/android-json-0.0.20131108.vaadin1.jar:/home/kevin/.m2/repository/org/springframework/spring-core/5.3.3/spring-core-5.3.3.jar:/home/kevin/.m2/repository/org/springframework/spring-jcl/5.3.3/spring-jcl-5.3.3.jar:/home/kevin/.m2/repository/org/springframework/spring-test/5.3.3/spring-test-5.3.3.jar:/home/kevin/.m2/repository/org/xmlunit/xmlunit-core/2.7.0/xmlunit-core-2.7.0.jar:/home/kevin/.m2/repository/org/springframework/cloud/spring-cloud-sleuth-zipkin/3.0.1/spring-cloud-sleuth-zipkin-3.0.1.jar:/home/kevin/.m2/repository/org/springframework/cloud/spring-cloud-sleuth-instrumentation/3.0.1/spring-cloud-sleuth-instrumentation-3.0.1.jar:/home/kevin/.m2/repository/org/springframework/cloud/spring-cloud-sleuth-api/3.0.1/spring-cloud-sleuth-api-3.0.1.jar:/home/kevin/.m2/repository/org/aspectj/aspectjrt/1.9.6/aspectjrt-1.9.6.jar:/home/kevin/.m2/repository/org/springframework/spring-web/5.3.3/spring-web-5.3.3.jar:/home/kevin/.m2/repository/org/springframework/spring-beans/5.3.3/spring-beans-5.3.3.jar:/home/kevin/.m2/repository/org/springframework/cloud/spring-cloud-commons/3.0.1/spring-cloud-commons-3.0.1.jar:/home/kevin/.m2/repository/org/springframework/security/spring-security-crypto/5.4.2/spring-security-crypto-5.4.2.jar:/home/kevin/.m2/repository/io/zipkin/zipkin2/zipkin/2.23.0/zipkin-2.23.0.jar:/home/kevin/.m2/repository/io/zipkin/reporter2/zipkin-reporter/2.16.1/zipkin-reporter-2.16.1.jar:/home/kevin/.m2/repository/io/zipkin/reporter2/zipkin-reporter-brave/2.16.1/zipkin-reporter-brave-2.16.1.jar:/home/kevin/.m2/repository/io/zipkin/reporter2/zipkin-sender-kafka/2.16.1/zipkin-sender-kafka-2.16.1.jar:/home/kevin/.m2/repository/io/zipkin/reporter2/zipkin-sender-activemq-client/2.16.1/zipkin-sender-activemq-client-2.16.1.jar:/home/kevin/.m2/repository/io/zipkin/reporter2/zipkin-sender-amqp-client/2.16.1/zipkin-sender-amqp-client-2.16.1.jar:/home/kevin/.m2/repository/org/springframework/cloud/spring-cloud-starter-bootstrap/3.0.1/spring-cloud-starter-bootstrap-3.0.1.jar:/home/kevin/.m2/repository/org/springframework/cloud/spring-cloud-starter/3.0.1/spring-cloud-starter-3.0.1.jar:/home/kevin/.m2/repository/org/springframework/cloud/spring-cloud-context/3.0.1/spring-cloud-context-3.0.1.jar:/home/kevin/.m2/repository/org/springframework/security/spring-security-rsa/1.0.9.RELEASE/spring-security-rsa-1.0.9.RELEASE.jar:/home/kevin/.m2/repository/org/bouncycastle/bcpkix-jdk15on/1.64/bcpkix-jdk15on-1.64.jar:/home/kevin/.m2/repository/org/bouncycastle/bcprov-jdk15on/1.64/bcprov-jdk15on-1.64.jar:/home/kevin/.m2/repository/org/springframework/cloud/spring-cloud-starter-circuitbreaker-reactor-resilience4j/2.0.0/spring-cloud-starter-circuitbreaker-reactor-resilience4j-2.0.0.jar:/home/kevin/.m2/repository/org/springframework/cloud/spring-cloud-circuitbreaker-resilience4j/2.0.0/spring-cloud-circuitbreaker-resilience4j-2.0.0.jar:/home/kevin/.m2/repository/io/github/resilience4j/resilience4j-circuitbreaker/1.6.1/resilience4j-circuitbreaker-1.6.1.jar:/home/kevin/.m2/repository/io/github/resilience4j/resilience4j-core/1.6.1/resilience4j-core-1.6.1.jar:/home/kevin/.m2/repository/io/github/resilience4j/resilience4j-timelimiter/1.6.1/resilience4j-timelimiter-1.6.1.jar:/home/kevin/.m2/repository/io/github/resilience4j/resilience4j-reactor/1.6.1/resilience4j-reactor-1.6.1.jar:/home/kevin/.m2/repository/org/springframework/cloud/spring-cloud-starter-config/3.0.2/spring-cloud-starter-config-3.0.2.jar:/home/kevin/.m2/repository/org/springframework/cloud/spring-cloud-config-client/3.0.2/spring-cloud-config-client-3.0.2.jar:/home/kevin/.m2/repository/com/fasterxml/jackson/core/jackson-annotations/2.11.4/jackson-annotations-2.11.4.jar:/home/kevin/.m2/repository/org/apache/httpcomponents/httpclient/4.5.13/httpclient-4.5.13.jar:/home/kevin/.m2/repository/org/apache/httpcomponents/httpcore/4.4.14/httpcore-4.4.14.jar:/home/kevin/.m2/repository/commons-codec/commons-codec/1.15/commons-codec-1.15.jar:/home/kevin/.m2/repository/com/fasterxml/jackson/core/jackson-databind/2.11.4/jackson-databind-2.11.4.jar:/home/kevin/.m2/repository/org/springframework/cloud/spring-cloud-starter-netflix-eureka-client/3.0.1/spring-cloud-starter-netflix-eureka-client-3.0.1.jar:/home/kevin/.m2/repository/org/springframework/cloud/spring-cloud-netflix-eureka-client/3.0.1/spring-cloud-netflix-eureka-client-3.0.1.jar:/home/kevin/.m2/repository/com/netflix/eureka/eureka-client/1.10.11/eureka-client-1.10.11.jar:/home/kevin/.m2/repository/com/netflix/netflix-commons/netflix-eventbus/0.3.0/netflix-eventbus-0.3.0.jar:/home/kevin/.m2/repository/com/netflix/netflix-commons/netflix-infix/0.3.0/netflix-infix-0.3.0.jar:/home/kevin/.m2/repository/commons-jxpath/commons-jxpath/1.3/commons-jxpath-1.3.jar:/home/kevin/.m2/repository/joda-time/joda-time/2.3/joda-time-2.3.jar:/home/kevin/.m2/repository/org/antlr/antlr-runtime/3.4/antlr-runtime-3.4.jar:/home/kevin/.m2/repository/org/antlr/stringtemplate/3.2.1/stringtemplate-3.2.1.jar:/home/kevin/.m2/repository/antlr/antlr/2.7.7/antlr-2.7.7.jar:/home/kevin/.m2/repository/com/google/code/gson/gson/2.8.6/gson-2.8.6.jar:/home/kevin/.m2/repository/org/apache/commons/commons-math/2.2/commons-math-2.2.jar:/home/kevin/.m2/repository/com/thoughtworks/xstream/xstream/1.4.14/xstream-1.4.14.jar:/home/kevin/.m2/repository/xmlpull/xmlpull/1.1.3.1/xmlpull-1.1.3.1.jar:/home/kevin/.m2/repository/xpp3/xpp3_min/1.1.4c/xpp3_min-1.1.4c.jar:/home/kevin/.m2/repository/javax/ws/rs/jsr311-api/1.1.1/jsr311-api-1.1.1.jar:/home/kevin/.m2/repository/com/netflix/servo/servo-core/0.12.21/servo-core-0.12.21.jar:/home/kevin/.m2/repository/com/google/guava/guava/19.0/guava-19.0.jar:/home/kevin/.m2/repository/commons-configuration/commons-configuration/1.10/commons-configuration-1.10.jar:/home/kevin/.m2/repository/commons-lang/commons-lang/2.6/commons-lang-2.6.jar:/home/kevin/.m2/repository/com/google/inject/guice/4.1.0/guice-4.1.0.jar:/home/kevin/.m2/repository/javax/inject/javax.inject/1/javax.inject-1.jar:/home/kevin/.m2/repository/aopalliance/aopalliance/1.0/aopalliance-1.0.jar:/home/kevin/.m2/repository/org/codehaus/jettison/jettison/1.4.0/jettison-1.4.0.jar:/home/kevin/.m2/repository/com/netflix/eureka/eureka-core/1.10.11/eureka-core-1.10.11.jar:/home/kevin/.m2/repository/com/fasterxml/woodstox/woodstox-core/5.3.0/woodstox-core-5.3.0.jar:/home/kevin/.m2/repository/org/codehaus/woodstox/stax2-api/4.2/stax2-api-4.2.jar:/home/kevin/.m2/repository/org/springframework/cloud/spring-cloud-starter-loadbalancer/3.0.1/spring-cloud-starter-loadbalancer-3.0.1.jar:/home/kevin/.m2/repository/org/springframework/cloud/spring-cloud-loadbalancer/3.0.1/spring-cloud-loadbalancer-3.0.1.jar:/home/kevin/.m2/repository/io/projectreactor/reactor-core/3.4.2/reactor-core-3.4.2.jar:/home/kevin/.m2/repository/org/reactivestreams/reactive-streams/1.0.3/reactive-streams-1.0.3.jar:/home/kevin/.m2/repository/org/springframework/boot/spring-boot-starter-cache/2.4.2/spring-boot-starter-cache-2.4.2.jar:/home/kevin/.m2/repository/org/springframework/spring-context-support/5.3.3/spring-context-support-5.3.3.jar:/home/kevin/.m2/repository/com/stoyanr/evictor/1.0.0/evictor-1.0.0.jar:/home/kevin/.m2/repository/org/springframework/cloud/spring-cloud-starter-sleuth/3.0.1/spring-cloud-starter-sleuth-3.0.1.jar:/home/kevin/.m2/repository/org/springframework/boot/spring-boot-starter-aop/2.4.2/spring-boot-starter-aop-2.4.2.jar:/home/kevin/.m2/repository/org/springframework/spring-aop/5.3.3/spring-aop-5.3.3.jar:/home/kevin/.m2/repository/org/aspectj/aspectjweaver/1.9.6/aspectjweaver-1.9.6.jar:/home/kevin/.m2/repository/org/springframework/cloud/spring-cloud-sleuth-autoconfigure/3.0.1/spring-cloud-sleuth-autoconfigure-3.0.1.jar:/home/kevin/.m2/repository/org/springframework/cloud/spring-cloud-sleuth-brave/3.0.1/spring-cloud-sleuth-brave-3.0.1.jar:/home/kevin/.m2/repository/io/zipkin/brave/brave/5.13.2/brave-5.13.2.jar:/home/kevin/.m2/repository/io/zipkin/brave/brave-context-slf4j/5.13.2/brave-context-slf4j-5.13.2.jar:/home/kevin/.m2/repository/io/zipkin/brave/brave-instrumentation-messaging/5.13.2/brave-instrumentation-messaging-5.13.2.jar:/home/kevin/.m2/repository/io/zipkin/brave/brave-instrumentation-rpc/5.13.2/brave-instrumentation-rpc-5.13.2.jar:/home/kevin/.m2/repository/io/zipkin/brave/brave-instrumentation-spring-rabbit/5.13.2/brave-instrumentation-spring-rabbit-5.13.2.jar:/home/kevin/.m2/repository/io/zipkin/brave/brave-instrumentation-kafka-clients/5.13.2/brave-instrumentation-kafka-clients-5.13.2.jar:/home/kevin/.m2/repository/io/zipkin/brave/brave-instrumentation-kafka-streams/5.13.2/brave-instrumentation-kafka-streams-5.13.2.jar:/home/kevin/.m2/repository/io/zipkin/brave/brave-instrumentation-httpclient/5.13.2/brave-instrumentation-httpclient-5.13.2.jar:/home/kevin/.m2/repository/io/zipkin/brave/brave-instrumentation-http/5.13.2/brave-instrumentation-http-5.13.2.jar:/home/kevin/.m2/repository/io/zipkin/brave/brave-instrumentation-httpasyncclient/5.13.2/brave-instrumentation-httpasyncclient-5.13.2.jar:/home/kevin/.m2/repository/io/zipkin/brave/brave-instrumentation-jms/5.13.2/brave-instrumentation-jms-5.13.2.jar:/home/kevin/.m2/repository/io/zipkin/brave/brave-instrumentation-mongodb/5.13.2/brave-instrumentation-mongodb-5.13.2.jar:/home/kevin/.m2/repository/io/zipkin/aws/brave-propagation-aws/0.21.3/brave-propagation-aws-0.21.3.jar:/home/kevin/.m2/repository/io/zipkin/reporter2/zipkin-reporter-metrics-micrometer/2.16.1/zipkin-reporter-metrics-micrometer-2.16.1.jar:/home/kevin/.m2/repository/org/springframework/cloud/spring-cloud-starter-gateway/3.0.1/spring-cloud-starter-gateway-3.0.1.jar:/home/kevin/.m2/repository/org/springframework/cloud/spring-cloud-gateway-server/3.0.1/spring-cloud-gateway-server-3.0.1.jar:/home/kevin/.m2/repository/org/springframework/boot/spring-boot-starter-validation/2.4.2/spring-boot-starter-validation-2.4.2.jar:/home/kevin/.m2/repository/org/glassfish/jakarta.el/3.0.3/jakarta.el-3.0.3.jar:/home/kevin/.m2/repository/org/hibernate/validator/hibernate-validator/6.1.7.Final/hibernate-validator-6.1.7.Final.jar:/home/kevin/.m2/repository/jakarta/validation/jakarta.validation-api/2.0.2/jakarta.validation-api-2.0.2.jar:/home/kevin/.m2/repository/org/jboss/logging/jboss-logging/3.4.1.Final/jboss-logging-3.4.1.Final.jar:/home/kevin/.m2/repository/com/fasterxml/classmate/1.5.1/classmate-1.5.1.jar:/home/kevin/.m2/repository/io/projectreactor/addons/reactor-extra/3.4.2/reactor-extra-3.4.2.jar:/home/kevin/.m2/repository/org/springframework/boot/spring-boot-starter-webflux/2.4.2/spring-boot-starter-webflux-2.4.2.jar:/home/kevin/.m2/repository/org/springframework/boot/spring-boot-starter-json/2.4.2/spring-boot-starter-json-2.4.2.jar:/home/kevin/.m2/repository/com/fasterxml/jackson/datatype/jackson-datatype-jdk8/2.11.4/jackson-datatype-jdk8-2.11.4.jar:/home/kevin/.m2/repository/com/fasterxml/jackson/module/jackson-module-parameter-names/2.11.4/jackson-module-parameter-names-2.11.4.jar:/home/kevin/.m2/repository/org/springframework/boot/spring-boot-starter-reactor-netty/2.4.2/spring-boot-starter-reactor-netty-2.4.2.jar:/home/kevin/.m2/repository/io/projectreactor/netty/reactor-netty-http/1.0.3/reactor-netty-http-1.0.3.jar:/home/kevin/.m2/repository/io/netty/netty-codec-http/4.1.58.Final/netty-codec-http-4.1.58.Final.jar:/home/kevin/.m2/repository/io/netty/netty-common/4.1.58.Final/netty-common-4.1.58.Final.jar:/home/kevin/.m2/repository/io/netty/netty-buffer/4.1.58.Final/netty-buffer-4.1.58.Final.jar:/home/kevin/.m2/repository/io/netty/netty-transport/4.1.58.Final/netty-transport-4.1.58.Final.jar:/home/kevin/.m2/repository/io/netty/netty-codec/4.1.58.Final/netty-codec-4.1.58.Final.jar:/home/kevin/.m2/repository/io/netty/netty-handler/4.1.58.Final/netty-handler-4.1.58.Final.jar:/home/kevin/.m2/repository/io/netty/netty-codec-http2/4.1.58.Final/netty-codec-http2-4.1.58.Final.jar:/home/kevin/.m2/repository/io/netty/netty-resolver-dns/4.1.58.Final/netty-resolver-dns-4.1.58.Final.jar:/home/kevin/.m2/repository/io/netty/netty-resolver/4.1.58.Final/netty-resolver-4.1.58.Final.jar:/home/kevin/.m2/repository/io/netty/netty-codec-dns/4.1.58.Final/netty-codec-dns-4.1.58.Final.jar:/home/kevin/.m2/repository/io/netty/netty-resolver-dns-native-macos/4.1.58.Final/netty-resolver-dns-native-macos-4.1.58.Final-osx-x86_64.jar:/home/kevin/.m2/repository/io/netty/netty-transport-native-unix-common/4.1.58.Final/netty-transport-native-unix-common-4.1.58.Final.jar:/home/kevin/.m2/repository/io/netty/netty-transport-native-epoll/4.1.58.Final/netty-transport-native-epoll-4.1.58.Final-linux-x86_64.jar:/home/kevin/.m2/repository/io/projectreactor/netty/reactor-netty-core/1.0.3/reactor-netty-core-1.0.3.jar:/home/kevin/.m2/repository/io/netty/netty-handler-proxy/4.1.58.Final/netty-handler-proxy-4.1.58.Final.jar:/home/kevin/.m2/repository/io/netty/netty-codec-socks/4.1.58.Final/netty-codec-socks-4.1.58.Final.jar:/home/kevin/.m2/repository/org/springframework/spring-webflux/5.3.3/spring-webflux-5.3.3.jar:/home/kevin/.m2/repository/org/jolokia/jolokia-core/1.6.2/jolokia-core-1.6.2.jar:/home/kevin/.m2/repository/com/googlecode/json-simple/json-simple/1.1.1/json-simple-1.1.1.jar:/home/kevin/.m2/repository/org/projectlombok/lombok/1.18.16/lombok-1.18.16.jar:/home/kevin/.m2/repository/io/micrometer/micrometer-registry-prometheus/1.6.3/micrometer-registry-prometheus-1.6.3.jar:/home/kevin/.m2/repository/io/prometheus/simpleclient_common/0.9.0/simpleclient_common-0.9.0.jar:/home/kevin/.m2/repository/io/prometheus/simpleclient/0.9.0/simpleclient-0.9.0.jar:/home/kevin/.m2/repository/io/github/resilience4j/resilience4j-micrometer/1.6.1/resilience4j-micrometer-1.6.1.jar:/home/kevin/.m2/repository/io/vavr/vavr/0.10.2/vavr-0.10.2.jar:/home/kevin/.m2/repository/io/vavr/vavr-match/0.10.2/vavr-match-0.10.2.jar:/home/kevin/.m2/repository/org/slf4j/slf4j-api/1.7.30/slf4j-api-1.7.30.jar:/home/kevin/.m2/repository/org/webjars/angularjs/1.6.4/angularjs-1.6.4.jar:/home/kevin/.m2/repository/org/webjars/jquery/3.1.1-1/jquery-3.1.1-1.jar:/home/kevin/.m2/repository/org/webjars/bootstrap/3.3.7-1/bootstrap-3.3.7-1.jar:/home/kevin/.m2/repository/org/webjars/angular-ui-router/1.0.3/angular-ui-router-1.0.3.jar:/home/kevin/.m2/repository/org/webjars/webjars-locator-core/0.46/webjars-locator-core-0.46.jar:/home/kevin/.m2/repository/io/github/classgraph/classgraph/4.8.69/classgraph-4.8.69.jar:/home/kevin/.m2/repository/com/fasterxml/jackson/core/jackson-core/2.11.4/jackson-core-2.11.4.jar:/home/kevin/.m2/repository/org/junit/jupiter/junit-jupiter-api/5.7.0/junit-jupiter-api-5.7.0.jar:/home/kevin/.m2/repository/org/apiguardian/apiguardian-api/1.1.0/apiguardian-api-1.1.0.jar:/home/kevin/.m2/repository/org/opentest4j/opentest4j/1.2.0/opentest4j-1.2.0.jar:/home/kevin/.m2/repository/org/junit/platform/junit-platform-commons/1.7.0/junit-platform-commons-1.7.0.jar:/home/kevin/.m2/repository/org/junit/jupiter/junit-jupiter-engine/5.7.0/junit-jupiter-engine-5.7.0.jar:/home/kevin/.m2/repository/org/junit/platform/junit-platform-engine/1.7.0/junit-platform-engine-1.7.0.jar:/home/kevin/.m2/repository/com/squareup/okhttp3/mockwebserver/3.14.9/mockwebserver-3.14.9.jar:/home/kevin/.m2/repository/com/squareup/okhttp3/okhttp/3.14.9/okhttp-3.14.9.jar:/home/kevin/.m2/repository/com/squareup/okio/okio/1.17.2/okio-1.17.2.jar:/home/kevin/.m2/repository/junit/junit/4.13.1/junit-4.13.1.jar:/home/kevin/.m2/repository/org/hamcrest/hamcrest-core/2.2/hamcrest-core-2.2.jar:"/>
    <property name="git.branch" value="master"/>
    <property name="git.build.host" value="who"/>
    <property name="java.vm.vendor" value="Oracle Corporation"/>
    <property name="sun.arch.data.model" value="64"/>
    <property name="git.commit.id" value="101ffbdf13a0f1f5a42713f88f83fb0fda0849f5"/>
    <property name="java.vendor.url" value="http://java.oracle.com/"/>
    <property name="user.timezone" value=""/>
    <property name="os.name" value="Linux"/>
    <property name="java.vm.specification.version" value="11"/>
    <property name="sun.java.launcher" value="SUN_STANDARD"/>
    <property name="user.country" value="DE"/>
    <property name="git.build.user.name" value="Kevin Lotz"/>
    <property name="sun.boot.library.path" value="/home/kevin/.sdkman/candidates/java/11.0.5-open/lib"/>
    <property name="sun.java.command" value="/home/kevin/Dev/explorviz/backend/playground/spring-petclinic-microservices/spring-petclinic-api-gateway/target/surefire/surefirebooter4730281905059651482.jar /home/kevin/Dev/explorviz/backend/playground/spring-petclinic-microservices/spring-petclinic-api-gateway/target/surefire 2021-05-07T09-24-33_500-jvmRun1 surefire17403736154850316466tmp surefire_56426615931657142781tmp"/>
    <property name="jdk.debug" value="release"/>
    <property name="surefire.test.class.path" value="/home/kevin/Dev/explorviz/backend/playground/spring-petclinic-microservices/spring-petclinic-api-gateway/target/test-classes:/home/kevin/Dev/explorviz/backend/playground/spring-petclinic-microservices/spring-petclinic-api-gateway/target/classes:/home/kevin/.m2/repository/org/springframework/boot/spring-boot-devtools/2.4.2/spring-boot-devtools-2.4.2.jar:/home/kevin/.m2/repository/org/springframework/boot/spring-boot/2.4.2/spring-boot-2.4.2.jar:/home/kevin/.m2/repository/org/springframework/spring-context/5.3.3/spring-context-5.3.3.jar:/home/kevin/.m2/repository/org/springframework/spring-expression/5.3.3/spring-expression-5.3.3.jar:/home/kevin/.m2/repository/org/springframework/boot/spring-boot-autoconfigure/2.4.2/spring-boot-autoconfigure-2.4.2.jar:/home/kevin/.m2/repository/org/springframework/boot/spring-boot-configuration-processor/2.4.2/spring-boot-configuration-processor-2.4.2.jar:/home/kevin/.m2/repository/org/springframework/boot/spring-boot-starter-actuator/2.4.2/spring-boot-starter-actuator-2.4.2.jar:/home/kevin/.m2/repository/org/springframework/boot/spring-boot-starter/2.4.2/spring-boot-starter-2.4.2.jar:/home/kevin/.m2/repository/org/springframework/boot/spring-boot-starter-logging/2.4.2/spring-boot-starter-logging-2.4.2.jar:/home/kevin/.m2/repository/ch/qos/logback/logback-classic/1.2.3/logback-classic-1.2.3.jar:/home/kevin/.m2/repository/ch/qos/logback/logback-core/1.2.3/logback-core-1.2.3.jar:/home/kevin/.m2/repository/org/apache/logging/log4j/log4j-to-slf4j/2.13.3/log4j-to-slf4j-2.13.3.jar:/home/kevin/.m2/repository/org/apache/logging/log4j/log4j-api/2.13.3/log4j-api-2.13.3.jar:/home/kevin/.m2/repository/org/slf4j/jul-to-slf4j/1.7.30/jul-to-slf4j-1.7.30.jar:/home/kevin/.m2/repository/jakarta/annotation/jakarta.annotation-api/1.3.5/jakarta.annotation-api-1.3.5.jar:/home/kevin/.m2/repository/org/yaml/snakeyaml/1.27/snakeyaml-1.27.jar:/home/kevin/.m2/repository/org/springframework/boot/spring-boot-actuator-autoconfigure/2.4.2/spring-boot-actuator-autoconfigure-2.4.2.jar:/home/kevin/.m2/repository/org/springframework/boot/spring-boot-actuator/2.4.2/spring-boot-actuator-2.4.2.jar:/home/kevin/.m2/repository/com/fasterxml/jackson/datatype/jackson-datatype-jsr310/2.11.4/jackson-datatype-jsr310-2.11.4.jar:/home/kevin/.m2/repository/io/micrometer/micrometer-core/1.6.3/micrometer-core-1.6.3.jar:/home/kevin/.m2/repository/org/hdrhistogram/HdrHistogram/2.1.12/HdrHistogram-2.1.12.jar:/home/kevin/.m2/repository/org/latencyutils/LatencyUtils/2.0.3/LatencyUtils-2.0.3.jar:/home/kevin/.m2/repository/org/springframework/boot/spring-boot-starter-test/2.4.2/spring-boot-starter-test-2.4.2.jar:/home/kevin/.m2/repository/org/springframework/boot/spring-boot-test/2.4.2/spring-boot-test-2.4.2.jar:/home/kevin/.m2/repository/org/springframework/boot/spring-boot-test-autoconfigure/2.4.2/spring-boot-test-autoconfigure-2.4.2.jar:/home/kevin/.m2/repository/com/jayway/jsonpath/json-path/2.4.0/json-path-2.4.0.jar:/home/kevin/.m2/repository/net/minidev/json-smart/2.3/json-smart-2.3.jar:/home/kevin/.m2/repository/net/minidev/accessors-smart/1.2/accessors-smart-1.2.jar:/home/kevin/.m2/repository/org/ow2/asm/asm/5.0.4/asm-5.0.4.jar:/home/kevin/.m2/repository/jakarta/xml/bind/jakarta.xml.bind-api/2.3.3/jakarta.xml.bind-api-2.3.3.jar:/home/kevin/.m2/repository/jakarta/activation/jakarta.activation-api/1.2.2/jakarta.activation-api-1.2.2.jar:/home/kevin/.m2/repository/org/assertj/assertj-core/3.11.1/assertj-core-3.11.1.jar:/home/kevin/.m2/repository/org/hamcrest/hamcrest/2.2/hamcrest-2.2.jar:/home/kevin/.m2/repository/org/junit/jupiter/junit-jupiter/5.7.0/junit-jupiter-5.7.0.jar:/home/kevin/.m2/repository/org/junit/jupiter/junit-jupiter-params/5.7.0/junit-jupiter-params-5.7.0.jar:/home/kevin/.m2/repository/org/mockito/mockito-core/3.6.28/mockito-core-3.6.28.jar:/home/kevin/.m2/repository/net/bytebuddy/byte-buddy/1.10.19/byte-buddy-1.10.19.jar:/home/kevin/.m2/repository/net/bytebuddy/byte-buddy-agent/1.10.19/byte-buddy-agent-1.10.19.jar:/home/kevin/.m2/repository/org/objenesis/objenesis/3.1/objenesis-3.1.jar:/home/kevin/.m2/repository/org/mockito/mockito-junit-jupiter/3.6.28/mockito-junit-jupiter-3.6.28.jar:/home/kevin/.m2/repository/org/skyscreamer/jsonassert/1.5.0/jsonassert-1.5.0.jar:/home/kevin/.m2/repository/com/vaadin/external/google/android-json/0.0.20131108.vaadin1/android-json-0.0.20131108.vaadin1.jar:/home/kevin/.m2/repository/org/springframework/spring-core/5.3.3/spring-core-5.3.3.jar:/home/kevin/.m2/repository/org/springframework/spring-jcl/5.3.3/spring-jcl-5.3.3.jar:/home/kevin/.m2/repository/org/springframework/spring-test/5.3.3/spring-test-5.3.3.jar:/home/kevin/.m2/repository/org/xmlunit/xmlunit-core/2.7.0/xmlunit-core-2.7.0.jar:/home/kevin/.m2/repository/org/springframework/cloud/spring-cloud-sleuth-zipkin/3.0.1/spring-cloud-sleuth-zipkin-3.0.1.jar:/home/kevin/.m2/repository/org/springframework/cloud/spring-cloud-sleuth-instrumentation/3.0.1/spring-cloud-sleuth-instrumentation-3.0.1.jar:/home/kevin/.m2/repository/org/springframework/cloud/spring-cloud-sleuth-api/3.0.1/spring-cloud-sleuth-api-3.0.1.jar:/home/kevin/.m2/repository/org/aspectj/aspectjrt/1.9.6/aspectjrt-1.9.6.jar:/home/kevin/.m2/repository/org/springframework/spring-web/5.3.3/spring-web-5.3.3.jar:/home/kevin/.m2/repository/org/springframework/spring-beans/5.3.3/spring-beans-5.3.3.jar:/home/kevin/.m2/repository/org/springframework/cloud/spring-cloud-commons/3.0.1/spring-cloud-commons-3.0.1.jar:/home/kevin/.m2/repository/org/springframework/security/spring-security-crypto/5.4.2/spring-security-crypto-5.4.2.jar:/home/kevin/.m2/repository/io/zipkin/zipkin2/zipkin/2.23.0/zipkin-2.23.0.jar:/home/kevin/.m2/repository/io/zipkin/reporter2/zipkin-reporter/2.16.1/zipkin-reporter-2.16.1.jar:/home/kevin/.m2/repository/io/zipkin/reporter2/zipkin-reporter-brave/2.16.1/zipkin-reporter-brave-2.16.1.jar:/home/kevin/.m2/repository/io/zipkin/reporter2/zipkin-sender-kafka/2.16.1/zipkin-sender-kafka-2.16.1.jar:/home/kevin/.m2/repository/io/zipkin/reporter2/zipkin-sender-activemq-client/2.16.1/zipkin-sender-activemq-client-2.16.1.jar:/home/kevin/.m2/repository/io/zipkin/reporter2/zipkin-sender-amqp-client/2.16.1/zipkin-sender-amqp-client-2.16.1.jar:/home/kevin/.m2/repository/org/springframework/cloud/spring-cloud-starter-bootstrap/3.0.1/spring-cloud-starter-bootstrap-3.0.1.jar:/home/kevin/.m2/repository/org/springframework/cloud/spring-cloud-starter/3.0.1/spring-cloud-starter-3.0.1.jar:/home/kevin/.m2/repository/org/springframework/cloud/spring-cloud-context/3.0.1/spring-cloud-context-3.0.1.jar:/home/kevin/.m2/repository/org/springframework/security/spring-security-rsa/1.0.9.RELEASE/spring-security-rsa-1.0.9.RELEASE.jar:/home/kevin/.m2/repository/org/bouncycastle/bcpkix-jdk15on/1.64/bcpkix-jdk15on-1.64.jar:/home/kevin/.m2/repository/org/bouncycastle/bcprov-jdk15on/1.64/bcprov-jdk15on-1.64.jar:/home/kevin/.m2/repository/org/springframework/cloud/spring-cloud-starter-circuitbreaker-reactor-resilience4j/2.0.0/spring-cloud-starter-circuitbreaker-reactor-resilience4j-2.0.0.jar:/home/kevin/.m2/repository/org/springframework/cloud/spring-cloud-circuitbreaker-resilience4j/2.0.0/spring-cloud-circuitbreaker-resilience4j-2.0.0.jar:/home/kevin/.m2/repository/io/github/resilience4j/resilience4j-circuitbreaker/1.6.1/resilience4j-circuitbreaker-1.6.1.jar:/home/kevin/.m2/repository/io/github/resilience4j/resilience4j-core/1.6.1/resilience4j-core-1.6.1.jar:/home/kevin/.m2/repository/io/github/resilience4j/resilience4j-timelimiter/1.6.1/resilience4j-timelimiter-1.6.1.jar:/home/kevin/.m2/repository/io/github/resilience4j/resilience4j-reactor/1.6.1/resilience4j-reactor-1.6.1.jar:/home/kevin/.m2/repository/org/springframework/cloud/spring-cloud-starter-config/3.0.2/spring-cloud-starter-config-3.0.2.jar:/home/kevin/.m2/repository/org/springframework/cloud/spring-cloud-config-client/3.0.2/spring-cloud-config-client-3.0.2.jar:/home/kevin/.m2/repository/com/fasterxml/jackson/core/jackson-annotations/2.11.4/jackson-annotations-2.11.4.jar:/home/kevin/.m2/repository/org/apache/httpcomponents/httpclient/4.5.13/httpclient-4.5.13.jar:/home/kevin/.m2/repository/org/apache/httpcomponents/httpcore/4.4.14/httpcore-4.4.14.jar:/home/kevin/.m2/repository/commons-codec/commons-codec/1.15/commons-codec-1.15.jar:/home/kevin/.m2/repository/com/fasterxml/jackson/core/jackson-databind/2.11.4/jackson-databind-2.11.4.jar:/home/kevin/.m2/repository/org/springframework/cloud/spring-cloud-starter-netflix-eureka-client/3.0.1/spring-cloud-starter-netflix-eureka-client-3.0.1.jar:/home/kevin/.m2/repository/org/springframework/cloud/spring-cloud-netflix-eureka-client/3.0.1/spring-cloud-netflix-eureka-client-3.0.1.jar:/home/kevin/.m2/repository/com/netflix/eureka/eureka-client/1.10.11/eureka-client-1.10.11.jar:/home/kevin/.m2/repository/com/netflix/netflix-commons/netflix-eventbus/0.3.0/netflix-eventbus-0.3.0.jar:/home/kevin/.m2/repository/com/netflix/netflix-commons/netflix-infix/0.3.0/netflix-infix-0.3.0.jar:/home/kevin/.m2/repository/commons-jxpath/commons-jxpath/1.3/commons-jxpath-1.3.jar:/home/kevin/.m2/repository/joda-time/joda-time/2.3/joda-time-2.3.jar:/home/kevin/.m2/repository/org/antlr/antlr-runtime/3.4/antlr-runtime-3.4.jar:/home/kevin/.m2/repository/org/antlr/stringtemplate/3.2.1/stringtemplate-3.2.1.jar:/home/kevin/.m2/repository/antlr/antlr/2.7.7/antlr-2.7.7.jar:/home/kevin/.m2/repository/com/google/code/gson/gson/2.8.6/gson-2.8.6.jar:/home/kevin/.m2/repository/org/apache/commons/commons-math/2.2/commons-math-2.2.jar:/home/kevin/.m2/repository/com/thoughtworks/xstream/xstream/1.4.14/xstream-1.4.14.jar:/home/kevin/.m2/repository/xmlpull/xmlpull/1.1.3.1/xmlpull-1.1.3.1.jar:/home/kevin/.m2/repository/xpp3/xpp3_min/1.1.4c/xpp3_min-1.1.4c.jar:/home/kevin/.m2/repository/javax/ws/rs/jsr311-api/1.1.1/jsr311-api-1.1.1.jar:/home/kevin/.m2/repository/com/netflix/servo/servo-core/0.12.21/servo-core-0.12.21.jar:/home/kevin/.m2/repository/com/google/guava/guava/19.0/guava-19.0.jar:/home/kevin/.m2/repository/commons-configuration/commons-configuration/1.10/commons-configuration-1.10.jar:/home/kevin/.m2/repository/commons-lang/commons-lang/2.6/commons-lang-2.6.jar:/home/kevin/.m2/repository/com/google/inject/guice/4.1.0/guice-4.1.0.jar:/home/kevin/.m2/repository/javax/inject/javax.inject/1/javax.inject-1.jar:/home/kevin/.m2/repository/aopalliance/aopalliance/1.0/aopalliance-1.0.jar:/home/kevin/.m2/repository/org/codehaus/jettison/jettison/1.4.0/jettison-1.4.0.jar:/home/kevin/.m2/repository/com/netflix/eureka/eureka-core/1.10.11/eureka-core-1.10.11.jar:/home/kevin/.m2/repository/com/fasterxml/woodstox/woodstox-core/5.3.0/woodstox-core-5.3.0.jar:/home/kevin/.m2/repository/org/codehaus/woodstox/stax2-api/4.2/stax2-api-4.2.jar:/home/kevin/.m2/repository/org/springframework/cloud/spring-cloud-starter-loadbalancer/3.0.1/spring-cloud-starter-loadbalancer-3.0.1.jar:/home/kevin/.m2/repository/org/springframework/cloud/spring-cloud-loadbalancer/3.0.1/spring-cloud-loadbalancer-3.0.1.jar:/home/kevin/.m2/repository/io/projectreactor/reactor-core/3.4.2/reactor-core-3.4.2.jar:/home/kevin/.m2/repository/org/reactivestreams/reactive-streams/1.0.3/reactive-streams-1.0.3.jar:/home/kevin/.m2/repository/org/springframework/boot/spring-boot-starter-cache/2.4.2/spring-boot-starter-cache-2.4.2.jar:/home/kevin/.m2/repository/org/springframework/spring-context-support/5.3.3/spring-context-support-5.3.3.jar:/home/kevin/.m2/repository/com/stoyanr/evictor/1.0.0/evictor-1.0.0.jar:/home/kevin/.m2/repository/org/springframework/cloud/spring-cloud-starter-sleuth/3.0.1/spring-cloud-starter-sleuth-3.0.1.jar:/home/kevin/.m2/repository/org/springframework/boot/spring-boot-starter-aop/2.4.2/spring-boot-starter-aop-2.4.2.jar:/home/kevin/.m2/repository/org/springframework/spring-aop/5.3.3/spring-aop-5.3.3.jar:/home/kevin/.m2/repository/org/aspectj/aspectjweaver/1.9.6/aspectjweaver-1.9.6.jar:/home/kevin/.m2/repository/org/springframework/cloud/spring-cloud-sleuth-autoconfigure/3.0.1/spring-cloud-sleuth-autoconfigure-3.0.1.jar:/home/kevin/.m2/repository/org/springframework/cloud/spring-cloud-sleuth-brave/3.0.1/spring-cloud-sleuth-brave-3.0.1.jar:/home/kevin/.m2/repository/io/zipkin/brave/brave/5.13.2/brave-5.13.2.jar:/home/kevin/.m2/repository/io/zipkin/brave/brave-context-slf4j/5.13.2/brave-context-slf4j-5.13.2.jar:/home/kevin/.m2/repository/io/zipkin/brave/brave-instrumentation-messaging/5.13.2/brave-instrumentation-messaging-5.13.2.jar:/home/kevin/.m2/repository/io/zipkin/brave/brave-instrumentation-rpc/5.13.2/brave-instrumentation-rpc-5.13.2.jar:/home/kevin/.m2/repository/io/zipkin/brave/brave-instrumentation-spring-rabbit/5.13.2/brave-instrumentation-spring-rabbit-5.13.2.jar:/home/kevin/.m2/repository/io/zipkin/brave/brave-instrumentation-kafka-clients/5.13.2/brave-instrumentation-kafka-clients-5.13.2.jar:/home/kevin/.m2/repository/io/zipkin/brave/brave-instrumentation-kafka-streams/5.13.2/brave-instrumentation-kafka-streams-5.13.2.jar:/home/kevin/.m2/repository/io/zipkin/brave/brave-instrumentation-httpclient/5.13.2/brave-instrumentation-httpclient-5.13.2.jar:/home/kevin/.m2/repository/io/zipkin/brave/brave-instrumentation-http/5.13.2/brave-instrumentation-http-5.13.2.jar:/home/kevin/.m2/repository/io/zipkin/brave/brave-instrumentation-httpasyncclient/5.13.2/brave-instrumentation-httpasyncclient-5.13.2.jar:/home/kevin/.m2/repository/io/zipkin/brave/brave-instrumentation-jms/5.13.2/brave-instrumentation-jms-5.13.2.jar:/home/kevin/.m2/repository/io/zipkin/brave/brave-instrumentation-mongodb/5.13.2/brave-instrumentation-mongodb-5.13.2.jar:/home/kevin/.m2/repository/io/zipkin/aws/brave-propagation-aws/0.21.3/brave-propagation-aws-0.21.3.jar:/home/kevin/.m2/repository/io/zipkin/reporter2/zipkin-reporter-metrics-micrometer/2.16.1/zipkin-reporter-metrics-micrometer-2.16.1.jar:/home/kevin/.m2/repository/org/springframework/cloud/spring-cloud-starter-gateway/3.0.1/spring-cloud-starter-gateway-3.0.1.jar:/home/kevin/.m2/repository/org/springframework/cloud/spring-cloud-gateway-server/3.0.1/spring-cloud-gateway-server-3.0.1.jar:/home/kevin/.m2/repository/org/springframework/boot/spring-boot-starter-validation/2.4.2/spring-boot-starter-validation-2.4.2.jar:/home/kevin/.m2/repository/org/glassfish/jakarta.el/3.0.3/jakarta.el-3.0.3.jar:/home/kevin/.m2/repository/org/hibernate/validator/hibernate-validator/6.1.7.Final/hibernate-validator-6.1.7.Final.jar:/home/kevin/.m2/repository/jakarta/validation/jakarta.validation-api/2.0.2/jakarta.validation-api-2.0.2.jar:/home/kevin/.m2/repository/org/jboss/logging/jboss-logging/3.4.1.Final/jboss-logging-3.4.1.Final.jar:/home/kevin/.m2/repository/com/fasterxml/classmate/1.5.1/classmate-1.5.1.jar:/home/kevin/.m2/repository/io/projectreactor/addons/reactor-extra/3.4.2/reactor-extra-3.4.2.jar:/home/kevin/.m2/repository/org/springframework/boot/spring-boot-starter-webflux/2.4.2/spring-boot-starter-webflux-2.4.2.jar:/home/kevin/.m2/repository/org/springframework/boot/spring-boot-starter-json/2.4.2/spring-boot-starter-json-2.4.2.jar:/home/kevin/.m2/repository/com/fasterxml/jackson/datatype/jackson-datatype-jdk8/2.11.4/jackson-datatype-jdk8-2.11.4.jar:/home/kevin/.m2/repository/com/fasterxml/jackson/module/jackson-module-parameter-names/2.11.4/jackson-module-parameter-names-2.11.4.jar:/home/kevin/.m2/repository/org/springframework/boot/spring-boot-starter-reactor-netty/2.4.2/spring-boot-starter-reactor-netty-2.4.2.jar:/home/kevin/.m2/repository/io/projectreactor/netty/reactor-netty-http/1.0.3/reactor-netty-http-1.0.3.jar:/home/kevin/.m2/repository/io/netty/netty-codec-http/4.1.58.Final/netty-codec-http-4.1.58.Final.jar:/home/kevin/.m2/repository/io/netty/netty-common/4.1.58.Final/netty-common-4.1.58.Final.jar:/home/kevin/.m2/repository/io/netty/netty-buffer/4.1.58.Final/netty-buffer-4.1.58.Final.jar:/home/kevin/.m2/repository/io/netty/netty-transport/4.1.58.Final/netty-transport-4.1.58.Final.jar:/home/kevin/.m2/repository/io/netty/netty-codec/4.1.58.Final/netty-codec-4.1.58.Final.jar:/home/kevin/.m2/repository/io/netty/netty-handler/4.1.58.Final/netty-handler-4.1.58.Final.jar:/home/kevin/.m2/repository/io/netty/netty-codec-http2/4.1.58.Final/netty-codec-http2-4.1.58.Final.jar:/home/kevin/.m2/repository/io/netty/netty-resolver-dns/4.1.58.Final/netty-resolver-dns-4.1.58.Final.jar:/home/kevin/.m2/repository/io/netty/netty-resolver/4.1.58.Final/netty-resolver-4.1.58.Final.jar:/home/kevin/.m2/repository/io/netty/netty-codec-dns/4.1.58.Final/netty-codec-dns-4.1.58.Final.jar:/home/kevin/.m2/repository/io/netty/netty-resolver-dns-native-macos/4.1.58.Final/netty-resolver-dns-native-macos-4.1.58.Final-osx-x86_64.jar:/home/kevin/.m2/repository/io/netty/netty-transport-native-unix-common/4.1.58.Final/netty-transport-native-unix-common-4.1.58.Final.jar:/home/kevin/.m2/repository/io/netty/netty-transport-native-epoll/4.1.58.Final/netty-transport-native-epoll-4.1.58.Final-linux-x86_64.jar:/home/kevin/.m2/repository/io/projectreactor/netty/reactor-netty-core/1.0.3/reactor-netty-core-1.0.3.jar:/home/kevin/.m2/repository/io/netty/netty-handler-proxy/4.1.58.Final/netty-handler-proxy-4.1.58.Final.jar:/home/kevin/.m2/repository/io/netty/netty-codec-socks/4.1.58.Final/netty-codec-socks-4.1.58.Final.jar:/home/kevin/.m2/repository/org/springframework/spring-webflux/5.3.3/spring-webflux-5.3.3.jar:/home/kevin/.m2/repository/org/jolokia/jolokia-core/1.6.2/jolokia-core-1.6.2.jar:/home/kevin/.m2/repository/com/googlecode/json-simple/json-simple/1.1.1/json-simple-1.1.1.jar:/home/kevin/.m2/repository/org/projectlombok/lombok/1.18.16/lombok-1.18.16.jar:/home/kevin/.m2/repository/io/micrometer/micrometer-registry-prometheus/1.6.3/micrometer-registry-prometheus-1.6.3.jar:/home/kevin/.m2/repository/io/prometheus/simpleclient_common/0.9.0/simpleclient_common-0.9.0.jar:/home/kevin/.m2/repository/io/prometheus/simpleclient/0.9.0/simpleclient-0.9.0.jar:/home/kevin/.m2/repository/io/github/resilience4j/resilience4j-micrometer/1.6.1/resilience4j-micrometer-1.6.1.jar:/home/kevin/.m2/repository/io/vavr/vavr/0.10.2/vavr-0.10.2.jar:/home/kevin/.m2/repository/io/vavr/vavr-match/0.10.2/vavr-match-0.10.2.jar:/home/kevin/.m2/repository/org/slf4j/slf4j-api/1.7.30/slf4j-api-1.7.30.jar:/home/kevin/.m2/repository/org/webjars/angularjs/1.6.4/angularjs-1.6.4.jar:/home/kevin/.m2/repository/org/webjars/jquery/3.1.1-1/jquery-3.1.1-1.jar:/home/kevin/.m2/repository/org/webjars/bootstrap/3.3.7-1/bootstrap-3.3.7-1.jar:/home/kevin/.m2/repository/org/webjars/angular-ui-router/1.0.3/angular-ui-router-1.0.3.jar:/home/kevin/.m2/repository/org/webjars/webjars-locator-core/0.46/webjars-locator-core-0.46.jar:/home/kevin/.m2/repository/io/github/classgraph/classgraph/4.8.69/classgraph-4.8.69.jar:/home/kevin/.m2/repository/com/fasterxml/jackson/core/jackson-core/2.11.4/jackson-core-2.11.4.jar:/home/kevin/.m2/repository/org/junit/jupiter/junit-jupiter-api/5.7.0/junit-jupiter-api-5.7.0.jar:/home/kevin/.m2/repository/org/apiguardian/apiguardian-api/1.1.0/apiguardian-api-1.1.0.jar:/home/kevin/.m2/repository/org/opentest4j/opentest4j/1.2.0/opentest4j-1.2.0.jar:/home/kevin/.m2/repository/org/junit/platform/junit-platform-commons/1.7.0/junit-platform-commons-1.7.0.jar:/home/kevin/.m2/repository/org/junit/jupiter/junit-jupiter-engine/5.7.0/junit-jupiter-engine-5.7.0.jar:/home/kevin/.m2/repository/org/junit/platform/junit-platform-engine/1.7.0/junit-platform-engine-1.7.0.jar:/home/kevin/.m2/repository/com/squareup/okhttp3/mockwebserver/3.14.9/mockwebserver-3.14.9.jar:/home/kevin/.m2/repository/com/squareup/okhttp3/okhttp/3.14.9/okhttp-3.14.9.jar:/home/kevin/.m2/repository/com/squareup/okio/okio/1.17.2/okio-1.17.2.jar:/home/kevin/.m2/repository/junit/junit/4.13.1/junit-4.13.1.jar:/home/kevin/.m2/repository/org/hamcrest/hamcrest-core/2.2/hamcrest-core-2.2.jar:"/>
    <property name="sun.cpu.endian" value="little"/>
    <property name="user.home" value="/home/kevin"/>
    <property name="user.language" value="de"/>
    <property name="git.closest.tag.commit.count" value=""/>
    <property name="java.specification.vendor" value="Oracle Corporation"/>
    <property name="java.version.date" value="2019-10-15"/>
    <property name="java.home" value="/home/kevin/.sdkman/candidates/java/11.0.5-open"/>
    <property name="git.total.commit.count" value="700"/>
    <property name="file.separator" value="/"/>
    <property name="basedir" value="/home/kevin/Dev/explorviz/backend/playground/spring-petclinic-microservices/spring-petclinic-api-gateway"/>
    <property name="java.vm.compressedOopsMode" value="Zero based"/>
    <property name="line.separator" value="&#10;"/>
    <property name="git.build.user.email" value="lotzk@outlook.com"/>
    <property name="java.specification.name" value="Java Platform API Specification"/>
    <property name="java.vm.specification.vendor" value="Oracle Corporation"/>
    <property name="java.awt.graphicsenv" value="sun.awt.X11GraphicsEnvironment"/>
    <property name="git.closest.tag.name" value=""/>
    <property name="git.local.branch.ahead" value="0"/>
    <property name="git.build.time" value="2021-05-07T09:27:19+0200"/>
    <property name="surefire.real.class.path" value="/home/kevin/Dev/explorviz/backend/playground/spring-petclinic-microservices/spring-petclinic-api-gateway/target/surefire/surefirebooter4730281905059651482.jar"/>
    <property name="git.commit.message.full" value="Do not fail packaging if repo info is absent #91&#10;&#10;Try to fix the Maven issue references in #91"/>
    <property name="sun.management.compiler" value="HotSpot 64-Bit Tiered Compilers"/>
    <property name="java.runtime.version" value="11.0.5+10"/>
    <property name="user.name" value="kevin"/>
    <property name="path.separator" value=":"/>
    <property name="os.version" value="5.8.0-50-generic"/>
    <property name="java.runtime.name" value="OpenJDK Runtime Environment"/>
    <property name="file.encoding" value="UTF-8"/>
    <property name="git.commit.user.email" value="antoine.rey@gmail.com"/>
    <property name="java.vm.name" value="OpenJDK 64-Bit Server VM"/>
    <property name="java.vendor.version" value="18.9"/>
    <property name="git.local.branch.behind" value="0"/>
    <property name="git.dirty" value="true"/>
    <property name="localRepository" value="/home/kevin/.m2/repository"/>
    <property name="java.vendor.url.bug" value="http://bugreport.java.com/bugreport/"/>
    <property name="java.io.tmpdir" value="/tmp"/>
    <property name="java.version" value="11.0.5"/>
    <property name="user.dir" value="/home/kevin/Dev/explorviz/backend/playground/spring-petclinic-microservices/spring-petclinic-api-gateway"/>
    <property name="os.arch" value="amd64"/>
    <property name="git.commit.user.name" value="Antoine Rey"/>
    <property name="git.commit.id.abbrev" value="101ffbd"/>
    <property name="java.vm.specification.name" value="Java Virtual Machine Specification"/>
    <property name="java.awt.printerjob" value="sun.print.PSPrinterJob"/>
    <property name="git.commit.id.describe-short" value="101ffbd-dirty"/>
    <property name="sun.os.patch.level" value="unknown"/>
    <property name="git.commit.id.describe" value="101ffbd-dirty"/>
    <property name="java.library.path" value="/usr/java/packages/lib:/usr/lib64:/lib64:/lib:/usr/lib"/>
    <property name="git.commit.message.short" value="Do not fail packaging if repo info is absent #91"/>
    <property name="java.vendor" value="Oracle Corporation"/>
    <property name="java.vm.info" value="mixed mode"/>
    <property name="java.vm.version" value="11.0.5+10"/>
    <property name="sun.io.unicode.encoding" value="UnicodeLittle"/>
    <property name="java.class.version" value="55.0"/>
    <property name="git.commit.time" value="2021-05-06T19:14:10+0200"/>
    <property name="git.remote.origin.url" value="git@github.com:spring-petclinic/spring-petclinic-microservices.git"/>
  </properties>
  <testcase name="getVisitsForPets_withAvailableVisitsService" classname="org.springframework.samples.petclinic.api.application.VisitsServiceClientIntegrationTest" time="1.338"/>
</testsuite>